2024-09-06 16:01:02 - INFO - Starting sync: Source folder:source Replica folder: replica Time interval: 60
2024-09-06 16:01:02 - INFO - The file: source/List of verdicts test.txt was created
2024-09-06 16:01:02 - INFO - The file: source/fold1 was created
2024-09-06 16:01:02 - INFO - The file: source/.DS_Store is synchronized
2024-09-06 16:02:02 - INFO - The file: source/.DS_Store was updated
2024-09-06 16:02:02 - INFO - The file: source/List of verdicts test.txt was updated
2024-09-06 16:02:02 - INFO - The file: source/fold1/.DS_Store was created
2024-09-06 16:02:02 - INFO - The file: source/fold1/Captura de pantalla 2023-11-08 a la(s) 5.09.31 p.m. (2).png was created
2024-09-06 16:02:02 - INFO - The file: source/fold1/fold1.1 was created
2024-09-06 16:03:02 - INFO - The file: source/.DS_Store was updated
2024-09-06 16:03:02 - INFO - The file: source/List of verdicts test.txt is synchronized
2024-09-06 16:03:02 - INFO - The file: replica/fold1/Captura de pantalla 2023-11-08 a la(s) 5.09.31 p.m. (2).png was deleted
2024-09-06 16:03:02 - INFO - The file: source/fold1/.DS_Store is synchronized
2024-09-06 16:03:02 - INFO - The file: source/fold1/fold1.1/.DS_Store was created
2024-09-06 16:04:02 - INFO - The file: source/.DS_Store is synchronized
2024-09-06 16:04:02 - INFO - The file: source/List of verdicts test.txt is synchronized
2024-09-06 16:04:02 - INFO - The file: source/fold1/.DS_Store is synchronized
2024-09-06 16:04:02 - INFO - The file: source/fold1/fold1.1/.DS_Store is synchronized
2024-09-06 16:05:02 - INFO - The file: source/.DS_Store is synchronized
2024-09-06 16:05:02 - INFO - The file: source/List of verdicts test.txt is synchronized
2024-09-06 16:05:02 - INFO - The file: source/fold1/.DS_Store is synchronized
2024-09-06 16:05:02 - INFO - The file: source/fold1/fold1.1/.DS_Store is synchronized
2024-09-06 16:06:02 - INFO - The file: source/.DS_Store is synchronized
2024-09-06 16:06:02 - INFO - The file: source/List of verdicts test.txt is synchronized
2024-09-06 16:06:02 - INFO - The file: source/fold1/.DS_Store was updated
2024-09-06 16:06:02 - INFO - The file: replica/fold1/fold1.1/fold1.1.1 was deleted
2024-09-06 16:06:02 - INFO - The file: source/fold1/fold1.1/.DS_Store was updated
2024-09-06 16:07:02 - INFO - The file: source/.DS_Store is synchronized
2024-09-06 16:07:02 - INFO - The file: source/List of verdicts test.txt was updated
2024-09-06 16:07:02 - INFO - The file: replica/fold1/fold1.1 was deleted
2024-09-06 16:07:02 - INFO - The file: source/fold1/.DS_Store is synchronized
2024-09-06 16:08:02 - INFO - The file: source/.DS_Store is synchronized
2024-09-06 16:08:02 - INFO - The file: source/List of verdicts test.txt is synchronized
2024-09-06 16:08:02 - INFO - The file: source/fold1/.DS_Store is synchronized
2024-09-06 16:09:02 - INFO - The file: source/.DS_Store is synchronized
2024-09-06 16:09:02 - INFO - The file: source/List of verdicts test.txt is synchronized
2024-09-06 16:09:02 - INFO - The file: source/fold1/.DS_Store is synchronized
2024-09-06 16:10:02 - INFO - The file: source/.DS_Store is synchronized
2024-09-06 16:10:02 - INFO - The file: source/List of verdicts test.txt is synchronized
2024-09-06 16:10:02 - INFO - The file: source/fold1/.DS_Store is synchronized
2024-09-06 16:11:02 - INFO - The file: source/.DS_Store is synchronized
2024-09-06 16:11:02 - INFO - The file: source/List of verdicts test.txt is synchronized
2024-09-06 16:11:02 - INFO - The file: source/fold1/.DS_Store is synchronized
2024-09-06 16:12:02 - INFO - The file: source/.DS_Store is synchronized
2024-09-06 16:12:02 - INFO - The file: source/List of verdicts test.txt is synchronized
2024-09-06 16:12:02 - INFO - The file: source/fold1/.DS_Store is synchronized
2024-09-06 16:13:02 - INFO - The file: source/.DS_Store is synchronized
2024-09-06 16:13:02 - INFO - The file: source/List of verdicts test.txt is synchronized
2024-09-06 16:13:02 - INFO - The file: source/fold1/.DS_Store is synchronized
